2024-05-15 16:09:14
Adapter: aqua
GET DATA FROM 0
GET DATA FROM 100
GET DATA FROM 200
GET DATA FROM 300
GET DATA FROM 400
GET DATA FROM 500
GET DATA FROM 600
GET DATA FROM 700
GET DATA FROM 800
GET DATA FROM 900
GET DATA FROM 1000
GET DATA FROM 1100
GET DATA FROM 1200
GET DATA FROM 1300
GET DATA FROM 1400
GET DATA FROM 1500
GET DATA FROM 1600
GET DATA FROM 1700
GET DATA FROM 1800
GET DATA FROM 1900
GET DATA FROM 2000
GET DATA FROM 2100
GET DATA FROM 2200
GET DATA FROM 2300
GET DATA FROM 2400
GET DATA FROM 2500
GET DATA FROM 2600
GET DATA FROM 2700
GET DATA FROM 2800
GET DATA FROM 2900
GET DATA FROM 3000
GET DATA FROM 3100
GET DATA FROM 3200
GET DATA FROM 3300
GET DATA FROM 3400
GET DATA FROM 3500
GET DATA FROM 3600
GET DATA FROM 3700
GET DATA FROM 3800
GET DATA FROM 3900
GET DATA FROM 4000
GET DATA FROM 4100
GET DATA FROM 4200
GET DATA FROM 4300
GET DATA FROM 4400
GET DATA FROM 4500
GET DATA FROM 4600
GET DATA FROM 4700
GET DATA FROM 4800
GET DATA FROM 4900
GET DATA FROM 5000
GET DATA FROM 5100
GET DATA FROM 5200
GET DATA FROM 5300
GET DATA FROM 5400
GET DATA FROM 5500
GET DATA FROM 5600
GET DATA FROM 5700
GET DATA FROM 5800
GET DATA FROM 5900
GET DATA FROM 6000
GET DATA FROM 6100
GET DATA FROM 6200
GET DATA FROM 6300
GET DATA FROM 6400
GET DATA FROM 6500
GET DATA FROM 6600
GET DATA FROM 6700
GET DATA FROM 6800
GET DATA FROM 6900
GET DATA FROM 7000
GET DATA FROM 7100
GET DATA FROM 7200
GET DATA FROM 7300
GET DATA FROM 7400
GET DATA FROM 7500
GET DATA FROM 7600
GET DATA FROM 7700
GET DATA FROM 7800
GET DATA FROM 7900
GET DATA FROM 8000
GET DATA FROM 8100
GET DATA FROM 8200
GET DATA FROM 8300
GET DATA FROM 8400
GET DATA FROM 8500
GET DATA FROM 8600
GET DATA FROM 8700
GET DATA FROM 8800
GET DATA FROM 8900
GET DATA FROM 9000
GET DATA FROM 9100
GET DATA FROM 9200
GET DATA FROM 9300
GET DATA FROM 9400
GET DATA FROM 9500
GET DATA FROM 9600
GET DATA FROM 9700
GET DATA FROM 9800
GET DATA FROM 9900
GET DATA FROM 10000
GET DATA FROM 10100
GET DATA FROM 10200
GET DATA FROM 10300
GET DATA FROM 10400
GET DATA FROM 10500
GET DATA FROM 10600
GET DATA FROM 10700
GET DATA FROM 10800
GET DATA FROM 10900
GET DATA FROM 11000
GET DATA FROM 11100
GET DATA FROM 11200
GET DATA FROM 11300
GET DATA FROM 11400
GET DATA FROM 11500
GET DATA FROM 11600
GET DATA FROM 11700
GET DATA FROM 11800
GET DATA FROM 11900
GET DATA FROM 12000
GET DATA FROM 12100
GET DATA FROM 12200
GET DATA FROM 12300
GET DATA FROM 12400
GET DATA FROM 12500
GET DATA FROM 12600
GET DATA FROM 12700
GET DATA FROM 12800
GET DATA FROM 12900
GET DATA FROM 13000
GET DATA FROM 13100
GET DATA FROM 13200
GET DATA FROM 13300
GET DATA FROM 13400
GET DATA FROM 13500
GET DATA FROM 13600
GET DATA FROM 13700
GET DATA FROM 13800
GET DATA FROM 13900
GET DATA FROM 14000
GET DATA FROM 14100
GET DATA FROM 14200
GET DATA FROM 14300
GET DATA FROM 14400
GET DATA FROM 14500
GET DATA FROM 14600
GET DATA FROM 14700
GET DATA FROM 14800
GET DATA FROM 14900
GET DATA FROM 15000
GET DATA FROM 15100
GET DATA FROM 15200
GET DATA FROM 15300
GET DATA FROM 15400
GET DATA FROM 15500
GET DATA FROM 15600
GET DATA FROM 15700
GET DATA FROM 15800
GET DATA FROM 15900
GET DATA FROM 16000
GET DATA FROM 16100
GET DATA FROM 16200
GET DATA FROM 16300
GET DATA FROM 16400
GET DATA FROM 16500
GET DATA FROM 16600
GET DATA FROM 16700
GET DATA FROM 16800
GET DATA FROM 16900
GET DATA FROM 17000
GET DATA FROM 17100
GET DATA FROM 17200
GET DATA FROM 17300
GET DATA FROM 17400
GET DATA FROM 17500
GET DATA FROM 17600
GET DATA FROM 17700
GET DATA FROM 17800
GET DATA FROM 17900
GET DATA FROM 18000
GET DATA FROM 18100
GET DATA FROM 18200
GET DATA FROM 18300
GET DATA FROM 18400
GET DATA FROM 18500
GET DATA FROM 18600
GET DATA FROM 18700
GET DATA FROM 18800
GET DATA FROM 18900
GET DATA FROM 19000
GET DATA FROM 19100
GET DATA FROM 19200
GET DATA FROM 19300
GET DATA FROM 19400
GET DATA FROM 19500
GET DATA FROM 19600
GET DATA FROM 19700
GET DATA FROM 19800
GET DATA FROM 19900
GET DATA FROM 20000
GET DATA FROM 20100
GET DATA FROM 20200
GET DATA FROM 20300
GET DATA FROM 20400
GET DATA FROM 20500
GET DATA FROM 20600
GET DATA FROM 20700
GET DATA FROM 20800
GET DATA FROM 20900
GET DATA FROM 21000
GET DATA FROM 21100
GET DATA FROM 21200
GET DATA FROM 21300
GET DATA FROM 21400
GET DATA FROM 21500
GET DATA FROM 21600
GET DATA FROM 21700
GET DATA FROM 21800
GET DATA FROM 21900
GET DATA FROM 22000
GET DATA FROM 22100
GET DATA FROM 22200
GET DATA FROM 22300
GET DATA FROM 22400
GET DATA FROM 22500
GET DATA FROM 22600
GET DATA FROM 22700
GET DATA FROM 22800
GET DATA FROM 22900
GET DATA FROM 23000
GET DATA FROM 23100
GET DATA FROM 23200
GET DATA FROM 23300
GET DATA FROM 23400
GET DATA FROM 23500
GET DATA FROM 23600
GET DATA FROM 23700
GET DATA FROM 23800
GET DATA FROM 23900
GET DATA FROM 24000
GET DATA FROM 24100
GET DATA FROM 24200
GET DATA FROM 24300
GET DATA FROM 24400
GET DATA FROM 24500
GET DATA FROM 24600
GET DATA FROM 24700
GET DATA FROM 24800
GET DATA FROM 24900
GET DATA FROM 25000
GET DATA FROM 25100
GET DATA FROM 25200
GET DATA FROM 25300
GET DATA FROM 25400
GET DATA FROM 25500
GET DATA FROM 25600
GET DATA FROM 25700
GET DATA FROM 25800
GET DATA FROM 25900
GET DATA FROM 26000
GET DATA FROM 26100
GET DATA FROM 26200
GET DATA FROM 26300
GET DATA FROM 26400
GET DATA FROM 26500
GET DATA FROM 26600
GET DATA FROM 26700
GET DATA FROM 26800
GET DATA FROM 26900
GET DATA FROM 27000
GET DATA FROM 27100
GET DATA FROM 27200
GET DATA FROM 27300
GET DATA FROM 27400
GET DATA FROM 27500
GET DATA FROM 27600
GET DATA FROM 27700
GET DATA FROM 27800
GET DATA FROM 27900
GET DATA FROM 28000
GET DATA FROM 28100
GET DATA FROM 28200
GET DATA FROM 28300
GET DATA FROM 28400
GET DATA FROM 28500
GET DATA FROM 28600
GET DATA FROM 28700
GET DATA FROM 28800
GET DATA FROM 28900
GET DATA FROM 29000
GET DATA FROM 29100
GET DATA FROM 29200
GET DATA FROM 29300
GET DATA FROM 29400
GET DATA FROM 29500
GET DATA FROM 29600
GET DATA FROM 29700
GET DATA FROM 29800
GET DATA FROM 29900
GET DATA FROM 30000
GET DATA FROM 30100
GET DATA FROM 30200
GET DATA FROM 30300
GET DATA FROM 30400
GET DATA FROM 30500
GET DATA FROM 30600
GET DATA FROM 30700
GET DATA FROM 30800
GET DATA FROM 30900
GET DATA FROM 31000
GET DATA FROM 31100
GET DATA FROM 31200
GET DATA FROM 31300
GET DATA FROM 31400
GET DATA FROM 31500
GET DATA FROM 31600
GET DATA FROM 31700
GET DATA FROM 31800
GET DATA FROM 31900
GET DATA FROM 32000
GET DATA FROM 32100
GET DATA FROM 32200
GET DATA FROM 32300
GET DATA FROM 32400
GET DATA FROM 32500
GET DATA FROM 32600
GET DATA FROM 32700
GET DATA FROM 32800
GET DATA FROM 32900
GET DATA FROM 33000
GET DATA FROM 33100
GET DATA FROM 33200
GET DATA FROM 33300
GET DATA FROM 33400
GET DATA FROM 33500
GET DATA FROM 33600
GET DATA FROM 33700
GET DATA FROM 33800
GET DATA FROM 33900
GET DATA FROM 34000
GET DATA FROM 34100
GET DATA FROM 34200
GET DATA FROM 34300
GET DATA FROM 34400
GET DATA FROM 34500
GET DATA FROM 34600
GET DATA FROM 34700
GET DATA FROM 34800
GET DATA FROM 34900
GET DATA FROM 35000
GET DATA FROM 35100
GET DATA FROM 35200
GET DATA FROM 35300
GET DATA FROM 35400
GET DATA FROM 35500
GET DATA FROM 35600
GET DATA FROM 35700
GET DATA FROM 35800
GET DATA FROM 35900
GET DATA FROM 36000
GET DATA FROM 36100
GET DATA FROM 36200
GET DATA FROM 36300
GET DATA FROM 36400
GET DATA FROM 36500
GET DATA FROM 36600
GET DATA FROM 36700
GET DATA FROM 36800
GET DATA FROM 36900
GET DATA FROM 37000
GET DATA FROM 37100
GET DATA FROM 37200
GET DATA FROM 37300
GET DATA FROM 37400
GET DATA FROM 37500
GET DATA FROM 37600
GET DATA FROM 37700
GET DATA FROM 37800
GET DATA FROM 37900
GET DATA FROM 38000
GET DATA FROM 38100
GET DATA FROM 38200
GET DATA FROM 38300
GET DATA FROM 38400
GET DATA FROM 38500
GET DATA FROM 38600
GET DATA FROM 38700
GET DATA FROM 38800
GET DATA FROM 38900
GET DATA FROM 39000
GET DATA FROM 39100
GET DATA FROM 39200
GET DATA FROM 39300
GET DATA FROM 39400
GET DATA FROM 39500
GET DATA FROM 39600
GET DATA FROM 39700
GET DATA FROM 39800
GET DATA FROM 39900
GET DATA FROM 40000
GET DATA FROM 40100
GET DATA FROM 40200
GET DATA FROM 40300
GET DATA FROM 40400
GET DATA FROM 40500
GET DATA FROM 40600
GET DATA FROM 40700
GET DATA FROM 40800
GET DATA FROM 40900
GET DATA FROM 41000
GET DATA FROM 41100
GET DATA FROM 41200
GET DATA FROM 41300
GET DATA FROM 41400
GET DATA FROM 41500
GET DATA FROM 41600
GET DATA FROM 41700
GET DATA FROM 41800
GET DATA FROM 41900
GET DATA FROM 42000
GET DATA FROM 42100
GET DATA FROM 42200
GET DATA FROM 42300
GET DATA FROM 42400
GET DATA FROM 42500
GET DATA FROM 42600
GET DATA FROM 42700
GET DATA FROM 42800
GET DATA FROM 42900
GET DATA FROM 43000
GET DATA FROM 43100
GET DATA FROM 43200
GET DATA FROM 43300
GET DATA FROM 43400
GET DATA FROM 43500
GET DATA FROM 43600
GET DATA FROM 43700
GET DATA FROM 43800
GET DATA FROM 43900
GET DATA FROM 44000
GET DATA FROM 44100
GET DATA FROM 44200
GET DATA FROM 44300
GET DATA FROM 44400
GET DATA FROM 44500
GET DATA FROM 44600
GET DATA FROM 44700
GET DATA FROM 44800
GET DATA FROM 44900
GET DATA FROM 45000
GET DATA FROM 45100
GET DATA FROM 45200
GET DATA FROM 45300
GET DATA FROM 45400
GET DATA FROM 45500
GET DATA FROM 45600
GET DATA FROM 45700
GET DATA FROM 45800
GET DATA FROM 45900
GET DATA FROM 46000
GET DATA FROM 46100
GET DATA FROM 46200
GET DATA FROM 46300
GET DATA FROM 46400
GET DATA FROM 46500
GET DATA FROM 46600
GET DATA FROM 46700
GET DATA FROM 46800
GET DATA FROM 46900
GET DATA FROM 47000
GET DATA FROM 47100
GET DATA FROM 47200
GET DATA FROM 47300
GET DATA FROM 47400
GET DATA FROM 47500
GET DATA FROM 47600
GET DATA FROM 47700
GET DATA FROM 47800
GET DATA FROM 47900
GET DATA FROM 48000
GET DATA FROM 48100
GET DATA FROM 48200
GET DATA FROM 48300
GET DATA FROM 48400
GET DATA FROM 48500
GET DATA FROM 48600
GET DATA FROM 48700
GET DATA FROM 48800
GET DATA FROM 48900
GET DATA FROM 49000
GET DATA FROM 49100
GET DATA FROM 49200
GET DATA FROM 49300
GET DATA FROM 49400
GET DATA FROM 49500
GET DATA FROM 49600
GET DATA FROM 49700
GET DATA FROM 49800
GET DATA FROM 49900
GET DATA FROM 50000
GET DATA FROM 50100
GET DATA FROM 50200
GET DATA FROM 50300
GET DATA FROM 50400
GET DATA FROM 50500
GET DATA FROM 50600
GET DATA FROM 50700
GET DATA FROM 50800
GET DATA FROM 50900
GET DATA FROM 51000
GET DATA FROM 51100
GET DATA FROM 51200
GET DATA FROM 51300
GET DATA FROM 51400
GET DATA FROM 51500
GET DATA FROM 51600
GET DATA FROM 51700
GET DATA FROM 51800
GET DATA FROM 51900
GET DATA FROM 52000
GET DATA FROM 52100
GET DATA FROM 52200
GET DATA FROM 52300
GET DATA FROM 52400
GET DATA FROM 52500
GET DATA FROM 52600
GET DATA FROM 52700
GET DATA FROM 52800
GET DATA FROM 52900
GET DATA FROM 53000
GET DATA FROM 53100
GET DATA FROM 53200
GET DATA FROM 53300
GET DATA FROM 53400
GET DATA FROM 53500
GET DATA FROM 53600
GET DATA FROM 53700
GET DATA FROM 53800
GET DATA FROM 53900
GET DATA FROM 54000
GET DATA FROM 54100
GET DATA FROM 54200
GET DATA FROM 54300
GET DATA FROM 54400
GET DATA FROM 54500
GET DATA FROM 54600
GET DATA FROM 54700
GET DATA FROM 54800
GET DATA FROM 54900
GET DATA FROM 55000
GET DATA FROM 55100
GET DATA FROM 55200
GET DATA FROM 55300
GET DATA FROM 55400
GET DATA FROM 55500
GET DATA FROM 55600
GET DATA FROM 55700
GET DATA FROM 55800
GET DATA FROM 55900
GET DATA FROM 56000
GET DATA FROM 56100
GET DATA FROM 56200
GET DATA FROM 56300
GET DATA FROM 56400
GET DATA FROM 56500
GET DATA FROM 56600
GET DATA FROM 56700
GET DATA FROM 56800
GET DATA FROM 56900
GET DATA FROM 57000
GET DATA FROM 57100
GET DATA FROM 57200
GET DATA FROM 57300
GET DATA FROM 57400
GET DATA FROM 57500
GET DATA FROM 57600
GET DATA FROM 57700
GET DATA FROM 57800
GET DATA FROM 57900
GET DATA FROM 58000
GET DATA FROM 58100
GET DATA FROM 58200
GET DATA FROM 58300
GET DATA FROM 58400
GET DATA FROM 58500
GET DATA FROM 58600
GET DATA FROM 58700
GET DATA FROM 58800
GET DATA FROM 58900
GET DATA FROM 59000
GET DATA FROM 59100
GET DATA FROM 59200
GET DATA FROM 59300
GET DATA FROM 59400
GET DATA FROM 59500
GET DATA FROM 59600
GET DATA FROM 59700
GET DATA FROM 59800
GET DATA FROM 59900
GET DATA FROM 60000
GET DATA FROM 60100
GET DATA FROM 60200
GET DATA FROM 60300
GET DATA FROM 60400
GET DATA FROM 60500
GET DATA FROM 60600
GET DATA FROM 60700
GET DATA FROM 60800
GET DATA FROM 60900
GET DATA FROM 61000
GET DATA FROM 61100
GET DATA FROM 61200
GET DATA FROM 61300
GET DATA FROM 61400
GET DATA FROM 61500
GET DATA FROM 61600
GET DATA FROM 61700
GET DATA FROM 61800
GET DATA FROM 61900
GET DATA FROM 62000
GET DATA FROM 62100
GET DATA FROM 62200
GET DATA FROM 62300
GET DATA FROM 62400
GET DATA FROM 62500
GET DATA FROM 62600
GET DATA FROM 62700
GET DATA FROM 62800
GET DATA FROM 62900
GET DATA FROM 63000
GET DATA FROM 63100
GET DATA FROM 63200
GET DATA FROM 63300
CSV file has been written.

2024-05-15 16:19:17
Adapter: izumi
pairAddress: 0xd4b701a553005464292e978efd8abc48252a7722
pairAddress: 0x5457c04370c447aed563489d9fe0b1d057439e0b
pairAddress: 0x19142b9d0077eb776d04a4b42a526dd07409b9db
pairAddress: 0xc2909feb6f46e19f2b40f9288ac63726d7c2612c
pairAddress: 0x062c027e4736f90bb06ba4bfc8036f133fd99413
pairAddress: 0xe3905d48be8aedb1be57c8ad924c40de7e4fb4ff
pairAddress: 0x28592307d115f883acc87763803c3679c0d42fb1
pairAddress: 0xe8a8f1d76625b03b787f6ed17bd746e0515f3aef
pairAddress: 0xfa38f432429d59ba653d5746cfea4f734f2c251e
pairAddress: 0x25e28398ebd072a2280a2bb5f62d977820be3408
pairAddress: 0xdbd6010d8aae58b229804d1296a0d245bf828365
pairAddress: 0xbddcbb56e2a7f0370b66d259a29cdcd15bd36ad8
pairAddress: 0x482cf88e25a7a9ee58761033b777d18198c05d84
pairAddress: 0x39abf030516e346f6c6779d03b260a4449705ce0
pairAddress: 0xb40805521e976a41028ae3244a2e0b1bb2b768b1
pairAddress: 0xbc2a3ff0ce7413c184086b532bc121318117cacb
pairAddress: 0x57a0c8ba60a7db72d8a19ba1585f7f16e881f08f
pairAddress: 0xf6592fee86407a7fa4c2f05c894edadf25c30f57
pairAddress: 0x802e9743d3421ce5786bc24aac90bbba404f82dd
totalSupply 114n
current process:  10
current process:  20
current process:  30
current process:  40
current process:  50
current process:  60
current process:  70
current process:  80
current process:  90
current process:  100
current process:  110
current process:  120
CSV file has been written.

Error fetching pool info for poolAddress: 0xf30830372d919a129dafaaf51c4c80b7c9167cd7
2024-05-15 16:19:39
Adapter: layerbank
GET DATA FROM 0
GET DATA FROM 100
GET DATA FROM 200
GET DATA FROM 300
GET DATA FROM 400
GET DATA FROM 500
GET DATA FROM 600
GET DATA FROM 700
GET DATA FROM 800
GET DATA FROM 900
GET DATA FROM 1000
GET DATA FROM 1100
GET DATA FROM 1200
GET DATA FROM 1300
GET DATA FROM 1400
GET DATA FROM 1500
GET DATA FROM 1600
GET DATA FROM 1700
GET DATA FROM 1800
GET DATA FROM 1900
GET DATA FROM 2000
GET DATA FROM 2100
GET DATA FROM 2200
GET DATA FROM 2300
GET DATA FROM 2400
GET DATA FROM 2500
GET DATA FROM 2600
GET DATA FROM 2700
GET DATA FROM 2800
GET DATA FROM 2900
GET DATA FROM 3000
GET DATA FROM 3100
GET DATA FROM 3200
GET DATA FROM 3300
GET DATA FROM 3400
GET DATA FROM 3500
GET DATA FROM 3600
GET DATA FROM 3700
GET DATA FROM 3800
GET DATA FROM 3900
GET DATA FROM 4000
GET DATA FROM 4100
GET DATA FROM 4200
GET DATA FROM 4300
GET DATA FROM 4400
GET DATA FROM 4500
GET DATA FROM 4600
GET DATA FROM 4700
GET DATA FROM 4800
GET DATA FROM 4900
GET DATA FROM 5000
GET DATA FROM 5100
GET DATA FROM 5200
GET DATA FROM 5300
GET DATA FROM 5400
CSV file has been written.

2024-05-15 16:20:14
Adapter: aqua
GET DATA FROM 0
GET DATA FROM 100
GET DATA FROM 200
GET DATA FROM 300
GET DATA FROM 400
GET DATA FROM 500
GET DATA FROM 600
GET DATA FROM 700
GET DATA FROM 800
GET DATA FROM 900
GET DATA FROM 1000
GET DATA FROM 1100
GET DATA FROM 1200
GET DATA FROM 1300
GET DATA FROM 1400
GET DATA FROM 1500
GET DATA FROM 1600
GET DATA FROM 1700
GET DATA FROM 1800
GET DATA FROM 1900
GET DATA FROM 2000
GET DATA FROM 2100
GET DATA FROM 2200
GET DATA FROM 2300
GET DATA FROM 2400
GET DATA FROM 2500
GET DATA FROM 2600
GET DATA FROM 2700
GET DATA FROM 2800
GET DATA FROM 2900
GET DATA FROM 3000
GET DATA FROM 3100
GET DATA FROM 3200
GET DATA FROM 3300
GET DATA FROM 3400
GET DATA FROM 3500
GET DATA FROM 3600
GET DATA FROM 3700
GET DATA FROM 3800
GET DATA FROM 3900
GET DATA FROM 4000
GET DATA FROM 4100
GET DATA FROM 4200
GET DATA FROM 4300
GET DATA FROM 4400
GET DATA FROM 4500
GET DATA FROM 4600
GET DATA FROM 4700
GET DATA FROM 4800
GET DATA FROM 4900
GET DATA FROM 5000
GET DATA FROM 5100
GET DATA FROM 5200
GET DATA FROM 5300
GET DATA FROM 5400
GET DATA FROM 5500
GET DATA FROM 5600
GET DATA FROM 5700
GET DATA FROM 5800
GET DATA FROM 5900
GET DATA FROM 6000
GET DATA FROM 6100
GET DATA FROM 6200
GET DATA FROM 6300
GET DATA FROM 6400
GET DATA FROM 6500
GET DATA FROM 6600
GET DATA FROM 6700
GET DATA FROM 6800
GET DATA FROM 6900
GET DATA FROM 7000
GET DATA FROM 7100
GET DATA FROM 7200
GET DATA FROM 7300
GET DATA FROM 7400
GET DATA FROM 7500
GET DATA FROM 7600
GET DATA FROM 7700
GET DATA FROM 7800
GET DATA FROM 7900
GET DATA FROM 8000
GET DATA FROM 8100
GET DATA FROM 8200
GET DATA FROM 8300
GET DATA FROM 8400
GET DATA FROM 8500
GET DATA FROM 8600
GET DATA FROM 8700
GET DATA FROM 8800
GET DATA FROM 8900
GET DATA FROM 9000
GET DATA FROM 9100
GET DATA FROM 9200
GET DATA FROM 9300
GET DATA FROM 9400
GET DATA FROM 9500
GET DATA FROM 9600
GET DATA FROM 9700
GET DATA FROM 9800
GET DATA FROM 9900
GET DATA FROM 10000
GET DATA FROM 10100
GET DATA FROM 10200
GET DATA FROM 10300
GET DATA FROM 10400
GET DATA FROM 10500
GET DATA FROM 10600
GET DATA FROM 10700
GET DATA FROM 10800
GET DATA FROM 10900
GET DATA FROM 11000
GET DATA FROM 11100
GET DATA FROM 11200
GET DATA FROM 11300
GET DATA FROM 11400
GET DATA FROM 11500
GET DATA FROM 11600
GET DATA FROM 11700
GET DATA FROM 11800
GET DATA FROM 11900
GET DATA FROM 12000
GET DATA FROM 12100
GET DATA FROM 12200
GET DATA FROM 12300
GET DATA FROM 12400
GET DATA FROM 12500
GET DATA FROM 12600
GET DATA FROM 12700
GET DATA FROM 12800
GET DATA FROM 12900
GET DATA FROM 13000
GET DATA FROM 13100
GET DATA FROM 13200
GET DATA FROM 13300
GET DATA FROM 13400
GET DATA FROM 13500
GET DATA FROM 13600
GET DATA FROM 13700
GET DATA FROM 13800
GET DATA FROM 13900
GET DATA FROM 14000
GET DATA FROM 14100
GET DATA FROM 14200
GET DATA FROM 14300
GET DATA FROM 14400
GET DATA FROM 14500
GET DATA FROM 14600
GET DATA FROM 14700
GET DATA FROM 14800
GET DATA FROM 14900
GET DATA FROM 15000
GET DATA FROM 15100
GET DATA FROM 15200
GET DATA FROM 15300
GET DATA FROM 15400
GET DATA FROM 15500
GET DATA FROM 15600
GET DATA FROM 15700
GET DATA FROM 15800
GET DATA FROM 15900
GET DATA FROM 16000
GET DATA FROM 16100
GET DATA FROM 16200
GET DATA FROM 16300
GET DATA FROM 16400
GET DATA FROM 16500
GET DATA FROM 16600
GET DATA FROM 16700
GET DATA FROM 16800
GET DATA FROM 16900
GET DATA FROM 17000
GET DATA FROM 17100
GET DATA FROM 17200
GET DATA FROM 17300
GET DATA FROM 17400
GET DATA FROM 17500
GET DATA FROM 17600
GET DATA FROM 17700
GET DATA FROM 17800
GET DATA FROM 17900
GET DATA FROM 18000
GET DATA FROM 18100
GET DATA FROM 18200
GET DATA FROM 18300
GET DATA FROM 18400
GET DATA FROM 18500
GET DATA FROM 18600
GET DATA FROM 18700
GET DATA FROM 18800
GET DATA FROM 18900
GET DATA FROM 19000
GET DATA FROM 19100
GET DATA FROM 19200
GET DATA FROM 19300
GET DATA FROM 19400
GET DATA FROM 19500
GET DATA FROM 19600
GET DATA FROM 19700
GET DATA FROM 19800
GET DATA FROM 19900
GET DATA FROM 20000
GET DATA FROM 20100
GET DATA FROM 20200
GET DATA FROM 20300
GET DATA FROM 20400
GET DATA FROM 20500
GET DATA FROM 20600
GET DATA FROM 20700
GET DATA FROM 20800
GET DATA FROM 20900
GET DATA FROM 21000
GET DATA FROM 21100
GET DATA FROM 21200
GET DATA FROM 21300
GET DATA FROM 21400
GET DATA FROM 21500
GET DATA FROM 21600
GET DATA FROM 21700
GET DATA FROM 21800
GET DATA FROM 21900
GET DATA FROM 22000
GET DATA FROM 22100
GET DATA FROM 22200
GET DATA FROM 22300
GET DATA FROM 22400
GET DATA FROM 22500
GET DATA FROM 22600
GET DATA FROM 22700
GET DATA FROM 22800
GET DATA FROM 22900
GET DATA FROM 23000
GET DATA FROM 23100
GET DATA FROM 23200
GET DATA FROM 23300
GET DATA FROM 23400
GET DATA FROM 23500
GET DATA FROM 23600
GET DATA FROM 23700
GET DATA FROM 23800
GET DATA FROM 23900
GET DATA FROM 24000
GET DATA FROM 24100
GET DATA FROM 24200
GET DATA FROM 24300
GET DATA FROM 24400
GET DATA FROM 24500
GET DATA FROM 24600
GET DATA FROM 24700
GET DATA FROM 24800
GET DATA FROM 24900
GET DATA FROM 25000
GET DATA FROM 25100
GET DATA FROM 25200
GET DATA FROM 25300
GET DATA FROM 25400
GET DATA FROM 25500
GET DATA FROM 25600
GET DATA FROM 25700
GET DATA FROM 25800
GET DATA FROM 25900
GET DATA FROM 26000
GET DATA FROM 26100
GET DATA FROM 26200
GET DATA FROM 26300
GET DATA FROM 26400
GET DATA FROM 26500
GET DATA FROM 26600
GET DATA FROM 26700
GET DATA FROM 26800
GET DATA FROM 26900
GET DATA FROM 27000
GET DATA FROM 27100
GET DATA FROM 27200
GET DATA FROM 27300
GET DATA FROM 27400
GET DATA FROM 27500
GET DATA FROM 27600
GET DATA FROM 27700
GET DATA FROM 27800
GET DATA FROM 27900
GET DATA FROM 28000
GET DATA FROM 28100
GET DATA FROM 28200
GET DATA FROM 28300
GET DATA FROM 28400
GET DATA FROM 28500
GET DATA FROM 28600
GET DATA FROM 28700
GET DATA FROM 28800
GET DATA FROM 28900
GET DATA FROM 29000
GET DATA FROM 29100
GET DATA FROM 29200
GET DATA FROM 29300
GET DATA FROM 29400
GET DATA FROM 29500
GET DATA FROM 29600
GET DATA FROM 29700
GET DATA FROM 29800
GET DATA FROM 29900
GET DATA FROM 30000
GET DATA FROM 30100
GET DATA FROM 30200
GET DATA FROM 30300
GET DATA FROM 30400
GET DATA FROM 30500
GET DATA FROM 30600
GET DATA FROM 30700
GET DATA FROM 30800
GET DATA FROM 30900
GET DATA FROM 31000
GET DATA FROM 31100
GET DATA FROM 31200
GET DATA FROM 31300
GET DATA FROM 31400
GET DATA FROM 31500
GET DATA FROM 31600
GET DATA FROM 31700
GET DATA FROM 31800
GET DATA FROM 31900
GET DATA FROM 32000
GET DATA FROM 32100
GET DATA FROM 32200
GET DATA FROM 32300
GET DATA FROM 32400
GET DATA FROM 32500
GET DATA FROM 32600
GET DATA FROM 32700
GET DATA FROM 32800
GET DATA FROM 32900
GET DATA FROM 33000
GET DATA FROM 33100
GET DATA FROM 33200
GET DATA FROM 33300
GET DATA FROM 33400
GET DATA FROM 33500
GET DATA FROM 33600
GET DATA FROM 33700
GET DATA FROM 33800
GET DATA FROM 33900
GET DATA FROM 34000
GET DATA FROM 34100
GET DATA FROM 34200
GET DATA FROM 34300
GET DATA FROM 34400
GET DATA FROM 34500
GET DATA FROM 34600
GET DATA FROM 34700
GET DATA FROM 34800
GET DATA FROM 34900
GET DATA FROM 35000
GET DATA FROM 35100
GET DATA FROM 35200
GET DATA FROM 35300
GET DATA FROM 35400
GET DATA FROM 35500
GET DATA FROM 35600
GET DATA FROM 35700
GET DATA FROM 35800
GET DATA FROM 35900
GET DATA FROM 36000
GET DATA FROM 36100
GET DATA FROM 36200
GET DATA FROM 36300
GET DATA FROM 36400
GET DATA FROM 36500
GET DATA FROM 36600
GET DATA FROM 36700
GET DATA FROM 36800
GET DATA FROM 36900
GET DATA FROM 37000
GET DATA FROM 37100
GET DATA FROM 37200
GET DATA FROM 37300
GET DATA FROM 37400
GET DATA FROM 37500
GET DATA FROM 37600
GET DATA FROM 37700
GET DATA FROM 37800
GET DATA FROM 37900
GET DATA FROM 38000
GET DATA FROM 38100
GET DATA FROM 38200
GET DATA FROM 38300
GET DATA FROM 38400
GET DATA FROM 38500
GET DATA FROM 38600
GET DATA FROM 38700
GET DATA FROM 38800
GET DATA FROM 38900
GET DATA FROM 39000
GET DATA FROM 39100
GET DATA FROM 39200
GET DATA FROM 39300
GET DATA FROM 39400
GET DATA FROM 39500
GET DATA FROM 39600
GET DATA FROM 39700
GET DATA FROM 39800
GET DATA FROM 39900
GET DATA FROM 40000
GET DATA FROM 40100
GET DATA FROM 40200
GET DATA FROM 40300
GET DATA FROM 40400
GET DATA FROM 40500
GET DATA FROM 40600
GET DATA FROM 40700
GET DATA FROM 40800
GET DATA FROM 40900
GET DATA FROM 41000
GET DATA FROM 41100
GET DATA FROM 41200
GET DATA FROM 41300
GET DATA FROM 41400
GET DATA FROM 41500
GET DATA FROM 41600
GET DATA FROM 41700
GET DATA FROM 41800
GET DATA FROM 41900
GET DATA FROM 42000
GET DATA FROM 42100
GET DATA FROM 42200
GET DATA FROM 42300
GET DATA FROM 42400
GET DATA FROM 42500
GET DATA FROM 42600
GET DATA FROM 42700
GET DATA FROM 42800
GET DATA FROM 42900
GET DATA FROM 43000
GET DATA FROM 43100
GET DATA FROM 43200
GET DATA FROM 43300
GET DATA FROM 43400
GET DATA FROM 43500
GET DATA FROM 43600
GET DATA FROM 43700
GET DATA FROM 43800
GET DATA FROM 43900
GET DATA FROM 44000
GET DATA FROM 44100
GET DATA FROM 44200
GET DATA FROM 44300
GET DATA FROM 44400
GET DATA FROM 44500
GET DATA FROM 44600
GET DATA FROM 44700
GET DATA FROM 44800
GET DATA FROM 44900
GET DATA FROM 45000
GET DATA FROM 45100
GET DATA FROM 45200
GET DATA FROM 45300
GET DATA FROM 45400
GET DATA FROM 45500
GET DATA FROM 45600
GET DATA FROM 45700
GET DATA FROM 45800
GET DATA FROM 45900
GET DATA FROM 46000
GET DATA FROM 46100
GET DATA FROM 46200
GET DATA FROM 46300
GET DATA FROM 46400
GET DATA FROM 46500
GET DATA FROM 46600
GET DATA FROM 46700
GET DATA FROM 46800
GET DATA FROM 46900
GET DATA FROM 47000
GET DATA FROM 47100
GET DATA FROM 47200
GET DATA FROM 47300
GET DATA FROM 47400
GET DATA FROM 47500
GET DATA FROM 47600
GET DATA FROM 47700
GET DATA FROM 47800
GET DATA FROM 47900
GET DATA FROM 48000
GET DATA FROM 48100
GET DATA FROM 48200
GET DATA FROM 48300
GET DATA FROM 48400
GET DATA FROM 48500
GET DATA FROM 48600
GET DATA FROM 48700
GET DATA FROM 48800
GET DATA FROM 48900
GET DATA FROM 49000
GET DATA FROM 49100
GET DATA FROM 49200
GET DATA FROM 49300
GET DATA FROM 49400
GET DATA FROM 49500
GET DATA FROM 49600
GET DATA FROM 49700
GET DATA FROM 49800
GET DATA FROM 49900
GET DATA FROM 50000
GET DATA FROM 50100
GET DATA FROM 50200
GET DATA FROM 50300
GET DATA FROM 50400
GET DATA FROM 50500
GET DATA FROM 50600
GET DATA FROM 50700
GET DATA FROM 50800
GET DATA FROM 50900
GET DATA FROM 51000
GET DATA FROM 51100
GET DATA FROM 51200
GET DATA FROM 51300
GET DATA FROM 51400
GET DATA FROM 51500
GET DATA FROM 51600
GET DATA FROM 51700
GET DATA FROM 51800
GET DATA FROM 51900
GET DATA FROM 52000
GET DATA FROM 52100
GET DATA FROM 52200
GET DATA FROM 52300
GET DATA FROM 52400
GET DATA FROM 52500
GET DATA FROM 52600
GET DATA FROM 52700
GET DATA FROM 52800
GET DATA FROM 52900
GET DATA FROM 53000
GET DATA FROM 53100
GET DATA FROM 53200
GET DATA FROM 53300
GET DATA FROM 53400
GET DATA FROM 53500
GET DATA FROM 53600
GET DATA FROM 53700
GET DATA FROM 53800
GET DATA FROM 53900
GET DATA FROM 54000
GET DATA FROM 54100
GET DATA FROM 54200
GET DATA FROM 54300
GET DATA FROM 54400
GET DATA FROM 54500
GET DATA FROM 54600
GET DATA FROM 54700
GET DATA FROM 54800
GET DATA FROM 54900
GET DATA FROM 55000
GET DATA FROM 55100
GET DATA FROM 55200
GET DATA FROM 55300
GET DATA FROM 55400
GET DATA FROM 55500
GET DATA FROM 55600
GET DATA FROM 55700
GET DATA FROM 55800
GET DATA FROM 55900
GET DATA FROM 56000
GET DATA FROM 56100
GET DATA FROM 56200
GET DATA FROM 56300
GET DATA FROM 56400
GET DATA FROM 56500
GET DATA FROM 56600
GET DATA FROM 56700
GET DATA FROM 56800
GET DATA FROM 56900
GET DATA FROM 57000
GET DATA FROM 57100
GET DATA FROM 57200
GET DATA FROM 57300
GET DATA FROM 57400
GET DATA FROM 57500
GET DATA FROM 57600
GET DATA FROM 57700
GET DATA FROM 57800
GET DATA FROM 57900
GET DATA FROM 58000
GET DATA FROM 58100
GET DATA FROM 58200
GET DATA FROM 58300
GET DATA FROM 58400
GET DATA FROM 58500
GET DATA FROM 58600
GET DATA FROM 58700
GET DATA FROM 58800
GET DATA FROM 58900
GET DATA FROM 59000
GET DATA FROM 59100
GET DATA FROM 59200
GET DATA FROM 59300
GET DATA FROM 59400
GET DATA FROM 59500
GET DATA FROM 59600
GET DATA FROM 59700
GET DATA FROM 59800
GET DATA FROM 59900
GET DATA FROM 60000
GET DATA FROM 60100
GET DATA FROM 60200
GET DATA FROM 60300
GET DATA FROM 60400
GET DATA FROM 60500
GET DATA FROM 60600
GET DATA FROM 60700
GET DATA FROM 60800
GET DATA FROM 60900
GET DATA FROM 61000
GET DATA FROM 61100
GET DATA FROM 61200
GET DATA FROM 61300
GET DATA FROM 61400
GET DATA FROM 61500
GET DATA FROM 61600
GET DATA FROM 61700
GET DATA FROM 61800
GET DATA FROM 61900
GET DATA FROM 62000
GET DATA FROM 62100
GET DATA FROM 62200
GET DATA FROM 62300
GET DATA FROM 62400
GET DATA FROM 62500
GET DATA FROM 62600
GET DATA FROM 62700
GET DATA FROM 62800
GET DATA FROM 62900
GET DATA FROM 63000
GET DATA FROM 63100
GET DATA FROM 63200
GET DATA FROM 63300
GET DATA FROM 63400
GET DATA FROM 63500
GET DATA FROM 63600
GET DATA FROM 63700
GET DATA FROM 63800
GET DATA FROM 63900
GET DATA FROM 64000
GET DATA FROM 64100
GET DATA FROM 64200
GET DATA FROM 64300
GET DATA FROM 64400
GET DATA FROM 64500
GET DATA FROM 64600
GET DATA FROM 64700
GET DATA FROM 64800
GET DATA FROM 64900
GET DATA FROM 65000
GET DATA FROM 65100
GET DATA FROM 65200
GET DATA FROM 65300
GET DATA FROM 65400
GET DATA FROM 65500
GET DATA FROM 65600
GET DATA FROM 65700
GET DATA FROM 65800
GET DATA FROM 65900
GET DATA FROM 66000
GET DATA FROM 66100
GET DATA FROM 66200
GET DATA FROM 66300
GET DATA FROM 66400
GET DATA FROM 66500
GET DATA FROM 66600
GET DATA FROM 66700
GET DATA FROM 66800
GET DATA FROM 66900
GET DATA FROM 67000
GET DATA FROM 67100
GET DATA FROM 67200
GET DATA FROM 67300
GET DATA FROM 67400
GET DATA FROM 67500
GET DATA FROM 67600
GET DATA FROM 67700
GET DATA FROM 67800
CSV file has been written.

2024-05-15 16:30:54
Adapter: izumi
pairAddress: 0xd4b701a553005464292e978efd8abc48252a7722
pairAddress: 0x5457c04370c447aed563489d9fe0b1d057439e0b
pairAddress: 0x19142b9d0077eb776d04a4b42a526dd07409b9db
pairAddress: 0xc2909feb6f46e19f2b40f9288ac63726d7c2612c
pairAddress: 0x062c027e4736f90bb06ba4bfc8036f133fd99413
pairAddress: 0xe3905d48be8aedb1be57c8ad924c40de7e4fb4ff
pairAddress: 0x28592307d115f883acc87763803c3679c0d42fb1
pairAddress: 0xe8a8f1d76625b03b787f6ed17bd746e0515f3aef
pairAddress: 0xfa38f432429d59ba653d5746cfea4f734f2c251e
pairAddress: 0x25e28398ebd072a2280a2bb5f62d977820be3408
pairAddress: 0xdbd6010d8aae58b229804d1296a0d245bf828365
pairAddress: 0xbddcbb56e2a7f0370b66d259a29cdcd15bd36ad8
pairAddress: 0x482cf88e25a7a9ee58761033b777d18198c05d84
pairAddress: 0x39abf030516e346f6c6779d03b260a4449705ce0
pairAddress: 0xb40805521e976a41028ae3244a2e0b1bb2b768b1
pairAddress: 0xbc2a3ff0ce7413c184086b532bc121318117cacb
pairAddress: 0x57a0c8ba60a7db72d8a19ba1585f7f16e881f08f
pairAddress: 0xf6592fee86407a7fa4c2f05c894edadf25c30f57
pairAddress: 0x802e9743d3421ce5786bc24aac90bbba404f82dd
totalSupply 137n
current process:  10
current process:  20
current process:  30
current process:  40
current process:  50
current process:  60
current process:  70
current process:  80
current process:  90
current process:  100
current process:  110
current process:  120
current process:  130
current process:  140
CSV file has been written.

Error fetching pool info for poolAddress: 0xf30830372d919a129dafaaf51c4c80b7c9167cd7
2024-05-15 16:31:18
Adapter: layerbank
GET DATA FROM 0
GET DATA FROM 100
GET DATA FROM 200
GET DATA FROM 300
GET DATA FROM 400
GET DATA FROM 500
GET DATA FROM 600
GET DATA FROM 700
GET DATA FROM 800
GET DATA FROM 900
GET DATA FROM 1000
GET DATA FROM 1100
GET DATA FROM 1200
GET DATA FROM 1300
GET DATA FROM 1400
GET DATA FROM 1500
GET DATA FROM 1600
GET DATA FROM 1700
GET DATA FROM 1800
GET DATA FROM 1900
GET DATA FROM 2000
GET DATA FROM 2100
GET DATA FROM 2200
GET DATA FROM 2300
GET DATA FROM 2400
GET DATA FROM 2500
GET DATA FROM 2600
GET DATA FROM 2700
GET DATA FROM 2800
GET DATA FROM 2900
GET DATA FROM 3000
GET DATA FROM 3100
GET DATA FROM 3200
GET DATA FROM 3300
GET DATA FROM 3400
GET DATA FROM 3500
GET DATA FROM 3600
GET DATA FROM 3700
GET DATA FROM 3800
GET DATA FROM 3900
GET DATA FROM 4000
GET DATA FROM 4100
GET DATA FROM 4200
GET DATA FROM 4300
GET DATA FROM 4400
GET DATA FROM 4500
GET DATA FROM 4600
GET DATA FROM 4700
GET DATA FROM 4800
GET DATA FROM 4900
GET DATA FROM 5000
GET DATA FROM 5100
GET DATA FROM 5200
GET DATA FROM 5300
GET DATA FROM 5400
GET DATA FROM 5500
GET DATA FROM 5600
GET DATA FROM 5700
GET DATA FROM 5800
GET DATA FROM 5900
GET DATA FROM 6000
GET DATA FROM 6100
GET DATA FROM 6200
GET DATA FROM 6300
GET DATA FROM 6400
GET DATA FROM 6500
GET DATA FROM 6600
GET DATA FROM 6700
GET DATA FROM 6800
GET DATA FROM 6900
GET DATA FROM 7000
GET DATA FROM 7100
GET DATA FROM 7200
GET DATA FROM 7300
GET DATA FROM 7400
GET DATA FROM 7500
GET DATA FROM 7600
CSV file has been written.

2024-05-15 19:26:36
Adapter: aqua
GET DATA FROM 0
GET DATA FROM 100
GET DATA FROM 200
GET DATA FROM 300
GET DATA FROM 400
GET DATA FROM 500
GET DATA FROM 600
GET DATA FROM 700
GET DATA FROM 800
GET DATA FROM 900
GET DATA FROM 1000
GET DATA FROM 1100
GET DATA FROM 1200
GET DATA FROM 1300
GET DATA FROM 1400
GET DATA FROM 1500
GET DATA FROM 1600
GET DATA FROM 1700
GET DATA FROM 1800
GET DATA FROM 1900
GET DATA FROM 2000
GET DATA FROM 2100
GET DATA FROM 2200
GET DATA FROM 2300
GET DATA FROM 2400
GET DATA FROM 2500
GET DATA FROM 2600
GET DATA FROM 2700
GET DATA FROM 2800
GET DATA FROM 2900
GET DATA FROM 3000
GET DATA FROM 3100
GET DATA FROM 3200
GET DATA FROM 3300
GET DATA FROM 3400
GET DATA FROM 3500
GET DATA FROM 3600
GET DATA FROM 3700
GET DATA FROM 3800
GET DATA FROM 3900
GET DATA FROM 4000
GET DATA FROM 4100
GET DATA FROM 4200
GET DATA FROM 4300
GET DATA FROM 4400
GET DATA FROM 4500
GET DATA FROM 4600
GET DATA FROM 4700
GET DATA FROM 4800
GET DATA FROM 4900
GET DATA FROM 5000
GET DATA FROM 5100
GET DATA FROM 5200
GET DATA FROM 5300
GET DATA FROM 5400
GET DATA FROM 5500
GET DATA FROM 5600
GET DATA FROM 5700
GET DATA FROM 5800
GET DATA FROM 5900
GET DATA FROM 6000
GET DATA FROM 6100
GET DATA FROM 6200
GET DATA FROM 6300
GET DATA FROM 6400
GET DATA FROM 6500
GET DATA FROM 6600
GET DATA FROM 6700
GET DATA FROM 6800
GET DATA FROM 6900
GET DATA FROM 7000
GET DATA FROM 7100
GET DATA FROM 7200
GET DATA FROM 7300
GET DATA FROM 7400
GET DATA FROM 7500
GET DATA FROM 7600
GET DATA FROM 7700
GET DATA FROM 7800
GET DATA FROM 7900
GET DATA FROM 8000
GET DATA FROM 8100
GET DATA FROM 8200
GET DATA FROM 8300
GET DATA FROM 8400
GET DATA FROM 8500
GET DATA FROM 8600
GET DATA FROM 8700
GET DATA FROM 8800
GET DATA FROM 8900
GET DATA FROM 9000
GET DATA FROM 9100
GET DATA FROM 9200
GET DATA FROM 9300
GET DATA FROM 9400
GET DATA FROM 9500
GET DATA FROM 9600
GET DATA FROM 9700
GET DATA FROM 9800
GET DATA FROM 9900
GET DATA FROM 10000
GET DATA FROM 10100
GET DATA FROM 10200
GET DATA FROM 10300
GET DATA FROM 10400
GET DATA FROM 10500
GET DATA FROM 10600
GET DATA FROM 10700
GET DATA FROM 10800
GET DATA FROM 10900
GET DATA FROM 11000
GET DATA FROM 11100
GET DATA FROM 11200
GET DATA FROM 11300
GET DATA FROM 11400
GET DATA FROM 11500
GET DATA FROM 11600
GET DATA FROM 11700
GET DATA FROM 11800
GET DATA FROM 11900
GET DATA FROM 12000
GET DATA FROM 12100
GET DATA FROM 12200
GET DATA FROM 12300
GET DATA FROM 12400
GET DATA FROM 12500
GET DATA FROM 12600
GET DATA FROM 12700
GET DATA FROM 12800
GET DATA FROM 12900
GET DATA FROM 13000
GET DATA FROM 13100
GET DATA FROM 13200
GET DATA FROM 13300
GET DATA FROM 13400
GET DATA FROM 13500
GET DATA FROM 13600
GET DATA FROM 13700
GET DATA FROM 13800
GET DATA FROM 13900
GET DATA FROM 14000
GET DATA FROM 14100
GET DATA FROM 14200
GET DATA FROM 14300
GET DATA FROM 14400
GET DATA FROM 14500
GET DATA FROM 14600
GET DATA FROM 14700
GET DATA FROM 14800
GET DATA FROM 14900
GET DATA FROM 15000
GET DATA FROM 15100
GET DATA FROM 15200
GET DATA FROM 15300
GET DATA FROM 15400
GET DATA FROM 15500
GET DATA FROM 15600
GET DATA FROM 15700
GET DATA FROM 15800
GET DATA FROM 15900
GET DATA FROM 16000
GET DATA FROM 16100
GET DATA FROM 16200
GET DATA FROM 16300
GET DATA FROM 16400
GET DATA FROM 16500
GET DATA FROM 16600
GET DATA FROM 16700
GET DATA FROM 16800
GET DATA FROM 16900
GET DATA FROM 17000
GET DATA FROM 17100
GET DATA FROM 17200
GET DATA FROM 17300
GET DATA FROM 17400
GET DATA FROM 17500
GET DATA FROM 17600
GET DATA FROM 17700
GET DATA FROM 17800
GET DATA FROM 17900
GET DATA FROM 18000
GET DATA FROM 18100
GET DATA FROM 18200
GET DATA FROM 18300
GET DATA FROM 18400
GET DATA FROM 18500
GET DATA FROM 18600
GET DATA FROM 18700
GET DATA FROM 18800
GET DATA FROM 18900
GET DATA FROM 19000
GET DATA FROM 19100
GET DATA FROM 19200
GET DATA FROM 19300
GET DATA FROM 19400
GET DATA FROM 19500
GET DATA FROM 19600
GET DATA FROM 19700
GET DATA FROM 19800
GET DATA FROM 19900
GET DATA FROM 20000
GET DATA FROM 20100
GET DATA FROM 20200
GET DATA FROM 20300
GET DATA FROM 20400
GET DATA FROM 20500
GET DATA FROM 20600
GET DATA FROM 20700
GET DATA FROM 20800
GET DATA FROM 20900
GET DATA FROM 21000
GET DATA FROM 21100
GET DATA FROM 21200
GET DATA FROM 21300
GET DATA FROM 21400
GET DATA FROM 21500
GET DATA FROM 21600
GET DATA FROM 21700
GET DATA FROM 21800
GET DATA FROM 21900
GET DATA FROM 22000
GET DATA FROM 22100
GET DATA FROM 22200
GET DATA FROM 22300
GET DATA FROM 22400
GET DATA FROM 22500
GET DATA FROM 22600
GET DATA FROM 22700
GET DATA FROM 22800
GET DATA FROM 22900
GET DATA FROM 23000
GET DATA FROM 23100
GET DATA FROM 23200
GET DATA FROM 23300
GET DATA FROM 23400
GET DATA FROM 23500
GET DATA FROM 23600
GET DATA FROM 23700
GET DATA FROM 23800
GET DATA FROM 23900
GET DATA FROM 24000
GET DATA FROM 24100
GET DATA FROM 24200
GET DATA FROM 24300
GET DATA FROM 24400
GET DATA FROM 24500
GET DATA FROM 24600
GET DATA FROM 24700
GET DATA FROM 24800
GET DATA FROM 24900
GET DATA FROM 25000
GET DATA FROM 25100
GET DATA FROM 25200
GET DATA FROM 25300
GET DATA FROM 25400
GET DATA FROM 25500
GET DATA FROM 25600
GET DATA FROM 25700
GET DATA FROM 25800
GET DATA FROM 25900
GET DATA FROM 26000
GET DATA FROM 26100
GET DATA FROM 26200
GET DATA FROM 26300
GET DATA FROM 26400
GET DATA FROM 26500
GET DATA FROM 26600
GET DATA FROM 26700
GET DATA FROM 26800
GET DATA FROM 26900
GET DATA FROM 27000
GET DATA FROM 27100
GET DATA FROM 27200
GET DATA FROM 27300
GET DATA FROM 27400
GET DATA FROM 27500
GET DATA FROM 27600
GET DATA FROM 27700
GET DATA FROM 27800
GET DATA FROM 27900
GET DATA FROM 28000
GET DATA FROM 28100
GET DATA FROM 28200
GET DATA FROM 28300
GET DATA FROM 28400
GET DATA FROM 28500
GET DATA FROM 28600
GET DATA FROM 28700
GET DATA FROM 28800
GET DATA FROM 28900
GET DATA FROM 29000
GET DATA FROM 29100
GET DATA FROM 29200
GET DATA FROM 29300
GET DATA FROM 29400
GET DATA FROM 29500
GET DATA FROM 29600
GET DATA FROM 29700
GET DATA FROM 29800
GET DATA FROM 29900
GET DATA FROM 30000
GET DATA FROM 30100
GET DATA FROM 30200
GET DATA FROM 30300
GET DATA FROM 30400
GET DATA FROM 30500
GET DATA FROM 30600
GET DATA FROM 30700
GET DATA FROM 30800
GET DATA FROM 30900
GET DATA FROM 31000
GET DATA FROM 31100
GET DATA FROM 31200
GET DATA FROM 31300
GET DATA FROM 31400
GET DATA FROM 31500
GET DATA FROM 31600
GET DATA FROM 31700
GET DATA FROM 31800
GET DATA FROM 31900
GET DATA FROM 32000
GET DATA FROM 32100
GET DATA FROM 32200
GET DATA FROM 32300
GET DATA FROM 32400
GET DATA FROM 32500
GET DATA FROM 32600
GET DATA FROM 32700
GET DATA FROM 32800
GET DATA FROM 32900
GET DATA FROM 33000
GET DATA FROM 33100
GET DATA FROM 33200
GET DATA FROM 33300
GET DATA FROM 33400
GET DATA FROM 33500
GET DATA FROM 33600
GET DATA FROM 33700
GET DATA FROM 33800
GET DATA FROM 33900
GET DATA FROM 34000
GET DATA FROM 34100
GET DATA FROM 34200
GET DATA FROM 34300
GET DATA FROM 34400
GET DATA FROM 34500
GET DATA FROM 34600
GET DATA FROM 34700
GET DATA FROM 34800
GET DATA FROM 34900
GET DATA FROM 35000
GET DATA FROM 35100
GET DATA FROM 35200
GET DATA FROM 35300
GET DATA FROM 35400
GET DATA FROM 35500
GET DATA FROM 35600
GET DATA FROM 35700
GET DATA FROM 35800
GET DATA FROM 35900
GET DATA FROM 36000
GET DATA FROM 36100
GET DATA FROM 36200
GET DATA FROM 36300
GET DATA FROM 36400
GET DATA FROM 36500
GET DATA FROM 36600
GET DATA FROM 36700
GET DATA FROM 36800
GET DATA FROM 36900
GET DATA FROM 37000
GET DATA FROM 37100
GET DATA FROM 37200
GET DATA FROM 37300
GET DATA FROM 37400
GET DATA FROM 37500
GET DATA FROM 37600
GET DATA FROM 37700
GET DATA FROM 37800
GET DATA FROM 37900
GET DATA FROM 38000
GET DATA FROM 38100
GET DATA FROM 38200
GET DATA FROM 38300
GET DATA FROM 38400
GET DATA FROM 38500
GET DATA FROM 38600
GET DATA FROM 38700
GET DATA FROM 38800
GET DATA FROM 38900
GET DATA FROM 39000
GET DATA FROM 39100
GET DATA FROM 39200
GET DATA FROM 39300
GET DATA FROM 39400
GET DATA FROM 39500
GET DATA FROM 39600
GET DATA FROM 39700
GET DATA FROM 39800
GET DATA FROM 39900
GET DATA FROM 40000
GET DATA FROM 40100
GET DATA FROM 40200
GET DATA FROM 40300
GET DATA FROM 40400
GET DATA FROM 40500
GET DATA FROM 40600
GET DATA FROM 40700
GET DATA FROM 40800
GET DATA FROM 40900
GET DATA FROM 41000
GET DATA FROM 41100
GET DATA FROM 41200
GET DATA FROM 41300
GET DATA FROM 41400
GET DATA FROM 41500
GET DATA FROM 41600
GET DATA FROM 41700
GET DATA FROM 41800
GET DATA FROM 41900
GET DATA FROM 42000
GET DATA FROM 42100
GET DATA FROM 42200
GET DATA FROM 42300
GET DATA FROM 42400
GET DATA FROM 42500
GET DATA FROM 42600
GET DATA FROM 42700
GET DATA FROM 42800
GET DATA FROM 42900
GET DATA FROM 43000
GET DATA FROM 43100
GET DATA FROM 43200
GET DATA FROM 43300
GET DATA FROM 43400
GET DATA FROM 43500
GET DATA FROM 43600
GET DATA FROM 43700
GET DATA FROM 43800
GET DATA FROM 43900
GET DATA FROM 44000
GET DATA FROM 44100
GET DATA FROM 44200
GET DATA FROM 44300
GET DATA FROM 44400
GET DATA FROM 44500
GET DATA FROM 44600
GET DATA FROM 44700
GET DATA FROM 44800
GET DATA FROM 44900
GET DATA FROM 45000
GET DATA FROM 45100
GET DATA FROM 45200
GET DATA FROM 45300
GET DATA FROM 45400
GET DATA FROM 45500
GET DATA FROM 45600
GET DATA FROM 45700
GET DATA FROM 45800
GET DATA FROM 45900
GET DATA FROM 46000
GET DATA FROM 46100
GET DATA FROM 46200
GET DATA FROM 46300
GET DATA FROM 46400
GET DATA FROM 46500
GET DATA FROM 46600
GET DATA FROM 46700
GET DATA FROM 46800
GET DATA FROM 46900
GET DATA FROM 47000
GET DATA FROM 47100
GET DATA FROM 47200
GET DATA FROM 47300
GET DATA FROM 47400
GET DATA FROM 47500
GET DATA FROM 47600
GET DATA FROM 47700
GET DATA FROM 47800
GET DATA FROM 47900
GET DATA FROM 48000
GET DATA FROM 48100
GET DATA FROM 48200
GET DATA FROM 48300
GET DATA FROM 48400
GET DATA FROM 48500
GET DATA FROM 48600
GET DATA FROM 48700
GET DATA FROM 48800
GET DATA FROM 48900
GET DATA FROM 49000
GET DATA FROM 49100
GET DATA FROM 49200
GET DATA FROM 49300
GET DATA FROM 49400
GET DATA FROM 49500
GET DATA FROM 49600
GET DATA FROM 49700
GET DATA FROM 49800
GET DATA FROM 49900
GET DATA FROM 50000
GET DATA FROM 50100
GET DATA FROM 50200
GET DATA FROM 50300
GET DATA FROM 50400
GET DATA FROM 50500
GET DATA FROM 50600
GET DATA FROM 50700
GET DATA FROM 50800
GET DATA FROM 50900
GET DATA FROM 51000
GET DATA FROM 51100
GET DATA FROM 51200
GET DATA FROM 51300
GET DATA FROM 51400
GET DATA FROM 51500
GET DATA FROM 51600
GET DATA FROM 51700
GET DATA FROM 51800
GET DATA FROM 51900
GET DATA FROM 52000
GET DATA FROM 52100
GET DATA FROM 52200
GET DATA FROM 52300
GET DATA FROM 52400
GET DATA FROM 52500
GET DATA FROM 52600
GET DATA FROM 52700
GET DATA FROM 52800
GET DATA FROM 52900
GET DATA FROM 53000
GET DATA FROM 53100
GET DATA FROM 53200
GET DATA FROM 53300
GET DATA FROM 53400
GET DATA FROM 53500
GET DATA FROM 53600
GET DATA FROM 53700
GET DATA FROM 53800
GET DATA FROM 53900
GET DATA FROM 54000
GET DATA FROM 54100
GET DATA FROM 54200
GET DATA FROM 54300
GET DATA FROM 54400
GET DATA FROM 54500
GET DATA FROM 54600
GET DATA FROM 54700
GET DATA FROM 54800
GET DATA FROM 54900
GET DATA FROM 55000
GET DATA FROM 55100
GET DATA FROM 55200
GET DATA FROM 55300
GET DATA FROM 55400
GET DATA FROM 55500
GET DATA FROM 55600
GET DATA FROM 55700
GET DATA FROM 55800
GET DATA FROM 55900
GET DATA FROM 56000
GET DATA FROM 56100
GET DATA FROM 56200
GET DATA FROM 56300
GET DATA FROM 56400
GET DATA FROM 56500
GET DATA FROM 56600
GET DATA FROM 56700
GET DATA FROM 56800
GET DATA FROM 56900
GET DATA FROM 57000
GET DATA FROM 57100
GET DATA FROM 57200
GET DATA FROM 57300
GET DATA FROM 57400
GET DATA FROM 57500
GET DATA FROM 57600
GET DATA FROM 57700
GET DATA FROM 57800
GET DATA FROM 57900
GET DATA FROM 58000
GET DATA FROM 58100
GET DATA FROM 58200
GET DATA FROM 58300
GET DATA FROM 58400
GET DATA FROM 58500
GET DATA FROM 58600
GET DATA FROM 58700
GET DATA FROM 58800
GET DATA FROM 58900
GET DATA FROM 59000
GET DATA FROM 59100
GET DATA FROM 59200
GET DATA FROM 59300
GET DATA FROM 59400
GET DATA FROM 59500
GET DATA FROM 59600
GET DATA FROM 59700
GET DATA FROM 59800
GET DATA FROM 59900
GET DATA FROM 60000
GET DATA FROM 60100
GET DATA FROM 60200
GET DATA FROM 60300
GET DATA FROM 60400
GET DATA FROM 60500
GET DATA FROM 60600
GET DATA FROM 60700
GET DATA FROM 60800
GET DATA FROM 60900
GET DATA FROM 61000
GET DATA FROM 61100
GET DATA FROM 61200
GET DATA FROM 61300
GET DATA FROM 61400
GET DATA FROM 61500
GET DATA FROM 61600
GET DATA FROM 61700
GET DATA FROM 61800
GET DATA FROM 61900
GET DATA FROM 62000
GET DATA FROM 62100
GET DATA FROM 62200
GET DATA FROM 62300
GET DATA FROM 62400
GET DATA FROM 62500
GET DATA FROM 62600
GET DATA FROM 62700
GET DATA FROM 62800
GET DATA FROM 62900
GET DATA FROM 63000
GET DATA FROM 63100
GET DATA FROM 63200
GET DATA FROM 63300
GET DATA FROM 63400
GET DATA FROM 63500
GET DATA FROM 63600
GET DATA FROM 63700
GET DATA FROM 63800
GET DATA FROM 63900
GET DATA FROM 64000
GET DATA FROM 64100
GET DATA FROM 64200
GET DATA FROM 64300
GET DATA FROM 64400
GET DATA FROM 64500
GET DATA FROM 64600
GET DATA FROM 64700
GET DATA FROM 64800
GET DATA FROM 64900
GET DATA FROM 65000
GET DATA FROM 65100
GET DATA FROM 65200
GET DATA FROM 65300
GET DATA FROM 65400
GET DATA FROM 65500
GET DATA FROM 65600
GET DATA FROM 65700
GET DATA FROM 65800
GET DATA FROM 65900
GET DATA FROM 66000
GET DATA FROM 66100
GET DATA FROM 66200
GET DATA FROM 66300
GET DATA FROM 66400
GET DATA FROM 66500
GET DATA FROM 66600
GET DATA FROM 66700
GET DATA FROM 66800
GET DATA FROM 66900
GET DATA FROM 67000
GET DATA FROM 67100
GET DATA FROM 67200
GET DATA FROM 67300
GET DATA FROM 67400
GET DATA FROM 67500
GET DATA FROM 67600
GET DATA FROM 67700
GET DATA FROM 67800
GET DATA FROM 67900
GET DATA FROM 68000
GET DATA FROM 68100
GET DATA FROM 68200
GET DATA FROM 68300
GET DATA FROM 68400
GET DATA FROM 68500
GET DATA FROM 68600
GET DATA FROM 68700
GET DATA FROM 68800
GET DATA FROM 68900
GET DATA FROM 69000
GET DATA FROM 69100
GET DATA FROM 69200
GET DATA FROM 69300
GET DATA FROM 69400
GET DATA FROM 69500
GET DATA FROM 69600
GET DATA FROM 69700
GET DATA FROM 69800
GET DATA FROM 69900
GET DATA FROM 70000
GET DATA FROM 70100
GET DATA FROM 70200
GET DATA FROM 70300
GET DATA FROM 70400
GET DATA FROM 70500
GET DATA FROM 70600
GET DATA FROM 70700
GET DATA FROM 70800
GET DATA FROM 70900
GET DATA FROM 71000
GET DATA FROM 71100
GET DATA FROM 71200
GET DATA FROM 71300
GET DATA FROM 71400
GET DATA FROM 71500
GET DATA FROM 71600
GET DATA FROM 71700
GET DATA FROM 71800
GET DATA FROM 71900
GET DATA FROM 72000
GET DATA FROM 72100
GET DATA FROM 72200
GET DATA FROM 72300
GET DATA FROM 72400
GET DATA FROM 72500
GET DATA FROM 72600
GET DATA FROM 72700
GET DATA FROM 72800
GET DATA FROM 72900
GET DATA FROM 73000
GET DATA FROM 73100
GET DATA FROM 73200
GET DATA FROM 73300
GET DATA FROM 73400
GET DATA FROM 73500
GET DATA FROM 73600
GET DATA FROM 73700
GET DATA FROM 73800
GET DATA FROM 73900
GET DATA FROM 74000
GET DATA FROM 74100
GET DATA FROM 74200
GET DATA FROM 74300
GET DATA FROM 74400
GET DATA FROM 74500
GET DATA FROM 74600
GET DATA FROM 74700
GET DATA FROM 74800
GET DATA FROM 74900
GET DATA FROM 75000
GET DATA FROM 75100
GET DATA FROM 75200
GET DATA FROM 75300
GET DATA FROM 75400
CSV file has been written.

2024-05-15 19:41:15
Adapter: izumi
pairAddress: 0xd4b701a553005464292e978efd8abc48252a7722
pairAddress: 0x5457c04370c447aed563489d9fe0b1d057439e0b
pairAddress: 0x19142b9d0077eb776d04a4b42a526dd07409b9db
pairAddress: 0xc2909feb6f46e19f2b40f9288ac63726d7c2612c
pairAddress: 0x062c027e4736f90bb06ba4bfc8036f133fd99413
pairAddress: 0xe3905d48be8aedb1be57c8ad924c40de7e4fb4ff
pairAddress: 0x28592307d115f883acc87763803c3679c0d42fb1
pairAddress: 0xe8a8f1d76625b03b787f6ed17bd746e0515f3aef
pairAddress: 0xfa38f432429d59ba653d5746cfea4f734f2c251e
pairAddress: 0x25e28398ebd072a2280a2bb5f62d977820be3408
pairAddress: 0xdbd6010d8aae58b229804d1296a0d245bf828365
pairAddress: 0xbddcbb56e2a7f0370b66d259a29cdcd15bd36ad8
pairAddress: 0x482cf88e25a7a9ee58761033b777d18198c05d84
pairAddress: 0x39abf030516e346f6c6779d03b260a4449705ce0
pairAddress: 0xb40805521e976a41028ae3244a2e0b1bb2b768b1
pairAddress: 0xbc2a3ff0ce7413c184086b532bc121318117cacb
pairAddress: 0x57a0c8ba60a7db72d8a19ba1585f7f16e881f08f
pairAddress: 0xf6592fee86407a7fa4c2f05c894edadf25c30f57
pairAddress: 0x802e9743d3421ce5786bc24aac90bbba404f82dd
totalSupply 193n
current process:  10
current process:  20
current process:  30
current process:  40
current process:  50
current process:  60
current process:  70
current process:  80
current process:  90
current process:  100
current process:  110
current process:  120
current process:  130
current process:  140
current process:  150
current process:  160
current process:  170
current process:  180
current process:  190
current process:  200
CSV file has been written.

Error fetching pool info for poolAddress: 0xf30830372d919a129dafaaf51c4c80b7c9167cd7
2024-05-15 19:43:46
Adapter: layerbank
GET DATA FROM 0
GET DATA FROM 100
GET DATA FROM 200
GET DATA FROM 300
GET DATA FROM 400
GET DATA FROM 500
GET DATA FROM 600
GET DATA FROM 700
GET DATA FROM 800
GET DATA FROM 900
GET DATA FROM 1000
GET DATA FROM 1100
GET DATA FROM 1200
GET DATA FROM 1300
GET DATA FROM 1400
GET DATA FROM 1500
GET DATA FROM 1600
GET DATA FROM 1700
GET DATA FROM 1800
GET DATA FROM 1900
GET DATA FROM 2000
GET DATA FROM 2100
GET DATA FROM 2200
GET DATA FROM 2300
GET DATA FROM 2400
GET DATA FROM 2500
GET DATA FROM 2600
GET DATA FROM 2700
GET DATA FROM 2800
GET DATA FROM 2900
GET DATA FROM 3000
GET DATA FROM 3100
GET DATA FROM 3200
GET DATA FROM 3300
GET DATA FROM 3400
GET DATA FROM 3500
GET DATA FROM 3600
GET DATA FROM 3700
GET DATA FROM 3800
GET DATA FROM 3900
GET DATA FROM 4000
GET DATA FROM 4100
GET DATA FROM 4200
GET DATA FROM 4300
GET DATA FROM 4400
GET DATA FROM 4500
GET DATA FROM 4600
GET DATA FROM 4700
GET DATA FROM 4800
GET DATA FROM 4900
GET DATA FROM 5000
GET DATA FROM 5100
GET DATA FROM 5200
GET DATA FROM 5300
GET DATA FROM 5400
GET DATA FROM 5500
GET DATA FROM 5600
GET DATA FROM 5700
GET DATA FROM 5800
GET DATA FROM 5900
GET DATA FROM 6000
GET DATA FROM 6100
GET DATA FROM 6200
GET DATA FROM 6300
GET DATA FROM 6400
GET DATA FROM 6500
GET DATA FROM 6600
GET DATA FROM 6700
GET DATA FROM 6800
GET DATA FROM 6900
GET DATA FROM 7000
GET DATA FROM 7100
GET DATA FROM 7200
GET DATA FROM 7300
GET DATA FROM 7400
GET DATA FROM 7500
GET DATA FROM 7600
GET DATA FROM 7700
GET DATA FROM 7800
GET DATA FROM 7900
GET DATA FROM 8000
GET DATA FROM 8100
GET DATA FROM 8200
GET DATA FROM 8300
GET DATA FROM 8400
GET DATA FROM 8500
GET DATA FROM 8600
GET DATA FROM 8700
GET DATA FROM 8800
GET DATA FROM 8900
GET DATA FROM 9000
GET DATA FROM 9100
GET DATA FROM 9200
GET DATA FROM 9300
GET DATA FROM 9400
GET DATA FROM 9500
GET DATA FROM 9600
GET DATA FROM 9700
GET DATA FROM 9800
GET DATA FROM 9900
GET DATA FROM 10000
GET DATA FROM 10100
GET DATA FROM 10200
GET DATA FROM 10300
GET DATA FROM 10400
GET DATA FROM 10500
GET DATA FROM 10600
GET DATA FROM 10700
GET DATA FROM 10800
GET DATA FROM 10900
GET DATA FROM 11000
GET DATA FROM 11100
CSV file has been written.

